#
# There is insufficient memory for the Java Runtime Environment to continue.
# Native memory allocation (mmap) failed to map 205520896 bytes for committing reserved memory.
# Possible reasons:
#   The system is out of physical RAM or swap space
#   In 32 bit mode, the process size limit was hit
# Possible solutions:
#   Reduce memory load on the system
#   Increase physical memory or swap space
#   Check if swap backing store is full
#   Use 64 bit Java on a 64 bit OS
#   Decrease Java heap size (-Xmx/-Xms)
#   Decrease number of Java threads
#   Decrease Java thread stack sizes (-Xss)
#   Set larger code cache with -XX:ReservedCodeCacheSize=
# This output file may be truncated or incomplete.
#
#  Out of Memory Error (os_linux.cpp:2627), pid=4982, tid=0x00007f82426d5700
#
# JRE version: Java(TM) SE Runtime Environment (8.0_92-b14) (build 1.8.0_92-b14)
# Java VM: Java HotSpot(TM) 64-Bit Server VM (25.92-b14 mixed mode linux-amd64 compressed oops)
# Core dump written. Default location: /home/antoine/Workspace/android/Infotel2016/app/core or core.4982
#

---------------  T H R E A D  ---------------

Current thread (0x00007f8254076800):  VMThread [stack: 0x00007f82425d5000,0x00007f82426d6000] [id=5019]

Stack: [0x00007f82425d5000,0x00007f82426d6000],  sp=0x00007f82426d4220,  free space=1020k
Native frames: (J=compiled Java code, j=interpreted, Vv=VM code, C=native code)
V  [libjvm.so+0xabd65a]  VMError::report_and_die()+0x2ba
V  [libjvm.so+0x4fb4db]  report_vm_out_of_memory(char const*, int, unsigned long, VMErrorType, char const*)+0x8b
V  [libjvm.so+0x91d713]  os::Linux::commit_memory_impl(char*, unsigned long, bool)+0x103
V  [libjvm.so+0x91dc69]  os::pd_commit_memory(char*, unsigned long, unsigned long, bool)+0x29
V  [libjvm.so+0x917f6a]  os::commit_memory(char*, unsigned long, unsigned long, bool)+0x2a
V  [libjvm.so+0x98c343]  PSVirtualSpace::expand_by(unsigned long)+0x53
V  [libjvm.so+0x98d748]  PSYoungGen::resize_generation(unsigned long, unsigned long)+0xf8
V  [libjvm.so+0x98c8a2]  PSYoungGen::resize(unsigned long, unsigned long)+0x22
V  [libjvm.so+0x989b7b]  PSScavenge::invoke_no_policy()+0xf3b
V  [libjvm.so+0x98a301]  PSScavenge::invoke()+0x41
V  [libjvm.so+0x941410]  ParallelScavengeHeap::failed_mem_allocate(unsigned long)+0x70
V  [libjvm.so+0xabf077]  VM_ParallelGCFailedAllocation::doit()+0x97
V  [libjvm.so+0xac6aa5]  VM_Operation::evaluate()+0x55
V  [libjvm.so+0xac4e7a]  VMThread::evaluate_operation(VM_Operation*)+0xba
V  [libjvm.so+0xac51fe]  VMThread::loop()+0x1ce
V  [libjvm.so+0xac5670]  VMThread::run()+0x70
V  [libjvm.so+0x91fad8]  java_start(Thread*)+0x108

VM_Operation (0x00007f8241a2fe80): ParallelGCFailedAllocation, mode: safepoint, requested by thread 0x00007f825413f000


---------------  P R O C E S S  ---------------

Java Threads: ( => current thread )
  0x00007f8254141800 JavaThread "pool-2-thread-4" [_thread_blocked, id=5066, stack(0x00007f824172f000,0x00007f8241830000)]
  0x00007f8254140000 JavaThread "pool-2-thread-3" [_thread_blocked, id=5065, stack(0x00007f8241830000,0x00007f8241931000)]
  0x00007f825413f000 JavaThread "pool-2-thread-2" [_thread_blocked, id=5062, stack(0x00007f8241931000,0x00007f8241a32000)]
  0x00007f8254134000 JavaThread "pool-3-thread-1" [_thread_blocked, id=5060, stack(0x00007f8241a32000,0x00007f8241b33000)]
  0x00007f825412e000 JavaThread "pool-2-thread-1" [_thread_blocked, id=5058, stack(0x00007f8241b33000,0x00007f8241c34000)]
  0x00007f82540c7800 JavaThread "Service Thread" daemon [_thread_blocked, id=5041, stack(0x00007f8241d35000,0x00007f8241e36000)]
  0x00007f82540bc000 JavaThread "C1 CompilerThread2" daemon [_thread_blocked, id=5040, stack(0x00007f8241e36000,0x00007f8241f37000)]
  0x00007f82540ba800 JavaThread "C2 CompilerThread1" daemon [_thread_blocked, id=5039, stack(0x00007f8241f37000,0x00007f8242038000)]
  0x00007f82540b7800 JavaThread "C2 CompilerThread0" daemon [_thread_in_native, id=5038, stack(0x00007f8242038000,0x00007f8242139000)]
  0x00007f82540b6000 JavaThread "Signal Dispatcher" daemon [_thread_blocked, id=5037, stack(0x00007f8242139000,0x00007f824223a000)]
  0x00007f8254082800 JavaThread "Finalizer" daemon [_thread_blocked, id=5021, stack(0x00007f82423d3000,0x00007f82424d4000)]
  0x00007f825407e000 JavaThread "Reference Handler" daemon [_thread_blocked, id=5020, stack(0x00007f82424d4000,0x00007f82425d5000)]
  0x00007f8254008800 JavaThread "main" [_thread_blocked, id=4983, stack(0x00007f825c641000,0x00007f825c742000)]

Other Threads:
=>0x00007f8254076800 VMThread [stack: 0x00007f82425d5000,0x00007f82426d6000] [id=5019]
  0x00007f82540ca800 WatcherThread [stack: 0x00007f8241c34000,0x00007f8241d35000] [id=5042]

VM state:at safepoint (normal execution)

VM Mutex/Monitor currently owned by a thread:  ([mutex/lock_event])
[0x00007f8254006440] Threads_lock - owner thread: 0x00007f8254076800
[0x00007f8254006940] Heap_lock - owner thread: 0x00007f825413f000

Heap:
 PSYoungGen      total 132096K, used 5106K [0x00000000eab00000, 0x00000000f3100000, 0x0000000100000000)
  eden space 126976K, 0% used [0x00000000eab00000,0x00000000eab00000,0x00000000f2700000)
  from space 5120K, 99% used [0x00000000f2700000,0x00000000f2bfcaf0,0x00000000f2c00000)
  to   space 5120K, 0% used [0x00000000f2c00000,0x00000000f2c00000,0x00000000f3100000)
 ParOldGen       total 84992K, used 81970K [0x00000000c0000000, 0x00000000c5300000, 0x00000000eab00000)
  object space 84992K, 96% used [0x00000000c0000000,0x00000000c500ca28,0x00000000c5300000)
 Metaspace       used 5912K, capacity 7024K, committed 7296K, reserved 1056768K
  class space    used 580K, capacity 616K, committed 640K, reserved 1048576K

Card table byte_map: [0x00007f825985b000,0x00007f8259a5c000] byte_map_base: 0x00007f825925b000

Marking Bits: (ParMarkBitMap*) 0x00007f825bb494c0
 Begin Bits: [0x00007f8243000000, 0x00007f8244000000)
 End Bits:   [0x00007f8244000000, 0x00007f8245000000)

Polling page: 0x00007f825c76f000

CodeCache: size=245760Kb used=5962Kb max_used=5974Kb free=239797Kb
 bounds [0x00007f8245000000, 0x00007f82455e0000, 0x00007f8254000000]
 total_blobs=1786 nmethods=1525 adapters=175
 compilation: enabled

Compilation events (10 events):
Event: 6.342 Thread 0x00007f82540bc000 1778       2       com.android.dx.cf.code.Frame::<init> (21 bytes)
Event: 6.344 Thread 0x00007f82540bc000 nmethod 1778 0x00007f82455d3010 code [0x00007f82455d3180, 0x00007f82455d35c8]
Event: 6.344 Thread 0x00007f82540bc000 1779       2       com.android.dx.cf.code.Frame::<init> (10 bytes)
Event: 6.344 Thread 0x00007f82540bc000 nmethod 1779 0x00007f82455d3790 code [0x00007f82455d3900, 0x00007f82455d3a88]
Event: 6.368 Thread 0x00007f82540bc000 1781       3       com.android.dx.ssa.back.InterferenceGraph::<init> (42 bytes)
Event: 6.370 Thread 0x00007f82540bc000 nmethod 1781 0x00007f82455d3b10 code [0x00007f82455d3d40, 0x00007f82455d4a58]
Event: 6.378 Thread 0x00007f82540ba800 nmethod 1726% 0x00007f82455d8a90 code [0x00007f82455d8ca0, 0x00007f82455d9890]
Event: 6.378 Thread 0x00007f82540bc000 1782       3       com.android.dx.ssa.back.LivenessAnalyzer::constructInterferenceGraph (47 bytes)
Event: 6.378 Thread 0x00007f82540ba800 1740 %     4       com.android.dx.ssa.back.IdenticalBlockCombiner::process @ 161 (323 bytes)
Event: 6.378 Thread 0x00007f82540bc000 nmethod 1782 0x00007f82455d82d0 code [0x00007f82455d8480, 0x00007f82455d88b8]

GC Heap History (9 events):
Event: 2.703 GC heap before
{Heap before GC invocations=1 (full 0):
 PSYoungGen      total 36864K, used 31744K [0x00000000eab00000, 0x00000000ed400000, 0x0000000100000000)
  eden space 31744K, 100% used [0x00000000eab00000,0x00000000eca00000,0x00000000eca00000)
  from space 5120K, 0% used [0x00000000ecf00000,0x00000000ecf00000,0x00000000ed400000)
  to   space 5120K, 0% used [0x00000000eca00000,0x00000000eca00000,0x00000000ecf00000)
 ParOldGen       total 84992K, used 0K [0x00000000c0000000, 0x00000000c5300000, 0x00000000eab00000)
  object space 84992K, 0% used [0x00000000c0000000,0x00000000c0000000,0x00000000c5300000)
 Metaspace       used 5479K, capacity 6704K, committed 6784K, reserved 1056768K
  class space    used 569K, capacity 616K, committed 640K, reserved 1048576K
Event: 2.761 GC heap after
Heap after GC invocations=1 (full 0):
 PSYoungGen      total 36864K, used 5090K [0x00000000eab00000, 0x00000000ef300000, 0x0000000100000000)
  eden space 31744K, 0% used [0x00000000eab00000,0x00000000eab00000,0x00000000eca00000)
  from space 5120K, 99% used [0x00000000eca00000,0x00000000ecef8890,0x00000000ecf00000)
  to   space 5120K, 0% used [0x00000000eee00000,0x00000000eee00000,0x00000000ef300000)
 ParOldGen       total 84992K, used 1236K [0x00000000c0000000, 0x00000000c5300000, 0x00000000eab00000)
  object space 84992K, 1% used [0x00000000c0000000,0x00000000c01351a8,0x00000000c5300000)
 Metaspace       used 5479K, capacity 6704K, committed 6784K, reserved 1056768K
  class space    used 569K, capacity 616K, committed 640K, reserved 1048576K
}
Event: 3.911 GC heap before
{Heap before GC invocations=2 (full 0):
 PSYoungGen      total 36864K, used 36834K [0x00000000eab00000, 0x00000000ef300000, 0x0000000100000000)
  eden space 31744K, 100% used [0x00000000eab00000,0x00000000eca00000,0x00000000eca00000)
  from space 5120K, 99% used [0x00000000eca00000,0x00000000ecef8890,0x00000000ecf00000)
  to   space 5120K, 0% used [0x00000000eee00000,0x00000000eee00000,0x00000000ef300000)
 ParOldGen       total 84992K, used 1236K [0x00000000c0000000, 0x00000000c5300000, 0x00000000eab00000)
  object space 84992K, 1% used [0x00000000c0000000,0x00000000c01351a8,0x00000000c5300000)
 Metaspace       used 5642K, capacity 6832K, committed 7040K, reserved 1056768K
  class space    used 577K, capacity 616K, committed 640K, reserved 1048576K
Event: 4.042 GC heap after
Heap after GC invocations=2 (full 0):
 PSYoungGen      total 68608K, used 5098K [0x00000000eab00000, 0x00000000ef300000, 0x0000000100000000)
  eden space 63488K, 0% used [0x00000000eab00000,0x00000000eab00000,0x00000000ee900000)
  from space 5120K, 99% used [0x00000000eee00000,0x00000000ef2fa808,0x00000000ef300000)
  to   space 5120K, 0% used [0x00000000ee900000,0x00000000ee900000,0x00000000eee00000)
 ParOldGen       total 84992K, used 10623K [0x00000000c0000000, 0x00000000c5300000, 0x00000000eab00000)
  object space 84992K, 12% used [0x00000000c0000000,0x00000000c0a5fc98,0x00000000c5300000)
 Metaspace       used 5642K, capacity 6832K, committed 7040K, reserved 1056768K
  class space    used 577K, capacity 616K, committed 640K, reserved 1048576K
}
Event: 4.992 GC heap before
{Heap before GC invocations=3 (full 0):
 PSYoungGen      total 68608K, used 68586K [0x00000000eab00000, 0x00000000ef300000, 0x0000000100000000)
  eden space 63488K, 100% used [0x00000000eab00000,0x00000000ee900000,0x00000000ee900000)
  from space 5120K, 99% used [0x00000000eee00000,0x00000000ef2fa808,0x00000000ef300000)
  to   space 5120K, 0% used [0x00000000ee900000,0x00000000ee900000,0x00000000eee00000)
 ParOldGen       total 84992K, used 10623K [0x00000000c0000000, 0x00000000c5300000, 0x00000000eab00000)
  object space 84992K, 12% used [0x00000000c0000000,0x00000000c0a5fc98,0x00000000c5300000)
 Metaspace       used 5708K, capacity 6896K, committed 7040K, reserved 1056768K
  class space    used 578K, capacity 616K, committed 640K, reserved 1048576K
Event: 5.060 GC heap after
Heap after GC invocations=3 (full 0):
 PSYoungGen      total 68608K, used 5108K [0x00000000eab00000, 0x00000000f3100000, 0x0000000100000000)
  eden space 63488K, 0% used [0x00000000eab00000,0x00000000eab00000,0x00000000ee900000)
  from space 5120K, 99% used [0x00000000ee900000,0x00000000eedfd220,0x00000000eee00000)
  to   space 5120K, 0% used [0x00000000f2c00000,0x00000000f2c00000,0x00000000f3100000)
 ParOldGen       total 84992K, used 36896K [0x00000000c0000000, 0x00000000c5300000, 0x00000000eab00000)
  object space 84992K, 43% used [0x00000000c0000000,0x00000000c2408188,0x00000000c5300000)
 Metaspace       used 5708K, capacity 6896K, committed 7040K, reserved 1056768K
  class space    used 578K, capacity 616K, committed 640K, reserved 1048576K
}
Event: 5.597 GC heap before
{Heap before GC invocations=4 (full 0):
 PSYoungGen      total 68608K, used 68596K [0x00000000eab00000, 0x00000000f3100000, 0x0000000100000000)
  eden space 63488K, 100% used [0x00000000eab00000,0x00000000ee900000,0x00000000ee900000)
  from space 5120K, 99% used [0x00000000ee900000,0x00000000eedfd220,0x00000000eee00000)
  to   space 5120K, 0% used [0x00000000f2c00000,0x00000000f2c00000,0x00000000f3100000)
 ParOldGen       total 84992K, used 36896K [0x00000000c0000000, 0x00000000c5300000, 0x00000000eab00000)
  object space 84992K, 43% used [0x00000000c0000000,0x00000000c2408188,0x00000000c5300000)
 Metaspace       used 5775K, capacity 6960K, committed 7040K, reserved 1056768K
  class space    used 578K, capacity 616K, committed 640K, reserved 1048576K
Event: 5.641 GC heap after
Heap after GC invocations=4 (full 0):
 PSYoungGen      total 132096K, used 5092K [0x00000000eab00000, 0x00000000f3100000, 0x0000000100000000)
  eden space 126976K, 0% used [0x00000000eab00000,0x00000000eab00000,0x00000000f2700000)
  from space 5120K, 99% used [0x00000000f2c00000,0x00000000f30f9210,0x00000000f3100000)
  to   space 5120K, 0% used [0x00000000f2700000,0x00000000f2700000,0x00000000f2c00000)
 ParOldGen       total 84992K, used 51788K [0x00000000c0000000, 0x00000000c5300000, 0x00000000eab00000)
  object space 84992K, 60% used [0x00000000c0000000,0x00000000c3293150,0x00000000c5300000)
 Metaspace       used 5775K, capacity 6960K, committed 7040K, reserved 1056768K
  class space    used 578K, capacity 616K, committed 640K, reserved 1048576K
}
Event: 6.391 GC heap before
{Heap before GC invocations=5 (full 0):
 PSYoungGen      total 132096K, used 132068K [0x00000000eab00000, 0x00000000f3100000, 0x0000000100000000)
  eden space 126976K, 100% used [0x00000000eab00000,0x00000000f2700000,0x00000000f2700000)
  from space 5120K, 99% used [0x00000000f2c00000,0x00000000f30f9210,0x00000000f3100000)
  to   space 5120K, 0% used [0x00000000f2700000,0x00000000f2700000,0x00000000f2c00000)
 ParOldGen       total 84992K, used 51788K [0x00000000c0000000, 0x00000000c5300000, 0x00000000eab00000)
  object space 84992K, 60% used [0x00000000c0000000,0x00000000c3293150,0x00000000c5300000)
 Metaspace       used 5912K, capacity 7024K, committed 7296K, reserved 1056768K
  class space    used 580K, capacity 616K, committed 640K, reserved 1048576K

Deoptimization events (10 events):
Event: 2.333 Thread 0x00007f8254008800 Uncommon trap: reason=unstable_if action=reinterpret pc=0x00007f824518b390 method=java.lang.String.<init>([CII)V @ 18
Event: 2.559 Thread 0x00007f8254008800 Uncommon trap: reason=unloaded action=reinterpret pc=0x00007f8245276868 method=com.android.dx.ssa.SsaRenamer$BlockRenamer.visitMoveInsn(Lcom/android/dx/ssa/NormalSsaInsn;)V @ 208
Event: 2.559 Thread 0x00007f8254008800 Uncommon trap: reason=null_check action=make_not_entrant pc=0x00007f824524abbc method=com.android.dx.ssa.SsaRenamer.getLocalForNewReg(I)Lcom/android/dx/rop/code/LocalItem; @ 19
Event: 2.578 Thread 0x00007f8254008800 Uncommon trap: reason=unstable_if action=reinterpret pc=0x00007f82451e661c method=com.android.dx.rop.code.RegisterSpec.equals(ILcom/android/dx/rop/type/TypeBearer;Lcom/android/dx/rop/code/LocalItem;)Z @ 24
Event: 3.200 Thread 0x00007f8254008800 Uncommon trap: reason=unstable_if action=reinterpret pc=0x00007f82451f0df8 method=java.util.BitSet.ensureCapacity(I)V @ 6
Event: 5.652 Thread 0x00007f8254140000 Uncommon trap: reason=unstable_if action=reinterpret pc=0x00007f82454a9400 method=com.android.dx.rop.code.InsnList.contentEquals(Lcom/android/dx/rop/code/InsnList;)Z @ 25
Event: 5.866 Thread 0x00007f825412e000 Uncommon trap: reason=unstable_if action=reinterpret pc=0x00007f82454ac610 method=com.android.dx.rop.code.LocalItem.hashCode()I @ 25
Event: 5.866 Thread 0x00007f825412e000 Uncommon trap: reason=unstable_if action=reinterpret pc=0x00007f824537688c method=com.android.dx.rop.code.LocalItem.hashCode()I @ 25
Event: 5.869 Thread 0x00007f825412e000 Uncommon trap: reason=unstable_if action=reinterpret pc=0x00007f8245399cdc method=com.android.dx.rop.code.LocalItem.hashCode()I @ 25
Event: 6.015 Thread 0x00007f8254008800 Uncommon trap: reason=unstable_if action=reinterpret pc=0x00007f82454965d4 method=com.android.dx.ssa.SCCP.simulateStmt(Lcom/android/dx/ssa/SsaInsn;)V @ 53

Internal exceptions (3 events):
Event: 0.076 Thread 0x00007f8254008800 Exception <a 'java/lang/NoSuchMethodError': Method sun.misc.Unsafe.defineClass(Ljava/lang/String;[BII)Ljava/lang/Class; name or signature does not match> (0x00000000eab07cc0) thrown at [/HUDSON/workspace/8-2-build-linux-amd64/jdk8u92/6642/hotspot/src/shar
Event: 0.076 Thread 0x00007f8254008800 Exception <a 'java/lang/NoSuchMethodError': Method sun.misc.Unsafe.prefetchRead(Ljava/lang/Object;J)V name or signature does not match> (0x00000000eab07fa8) thrown at [/HUDSON/workspace/8-2-build-linux-amd64/jdk8u92/6642/hotspot/src/share/vm/prims/jni.cpp
Event: 2.559 Thread 0x00007f8254008800 Implicit null exception at 0x00007f82452490f7 to 0x00007f824524ab9d

Events (10 events):
Event: 6.266 Thread 0x00007f8254141800 DEOPT UNPACKING pc=0x00007f8245047633 sp=0x00007f824182ddb8 mode 0
Event: 6.270 Thread 0x00007f8254141800 DEOPT PACKING pc=0x00007f8245450f2c sp=0x00007f824182de50
Event: 6.270 Thread 0x00007f8254141800 DEOPT UNPACKING pc=0x00007f8245047633 sp=0x00007f824182dc48 mode 0
Event: 6.302 Thread 0x00007f8254140000 DEOPT PACKING pc=0x00007f82453e7fef sp=0x00007f824192ef50
Event: 6.303 Thread 0x00007f8254140000 DEOPT UNPACKING pc=0x00007f8245047633 sp=0x00007f824192eca0 mode 0
Event: 6.370 Thread 0x00007f825412e000 DEOPT PACKING pc=0x00007f82453e8fa9 sp=0x00007f8241c31fd0
Event: 6.370 Thread 0x00007f825412e000 DEOPT UNPACKING pc=0x00007f8245047633 sp=0x00007f8241c31da8 mode 0
Event: 6.378 Thread 0x00007f825412e000 DEOPT PACKING pc=0x00007f82453e7735 sp=0x00007f8241c320b0
Event: 6.379 Thread 0x00007f825412e000 DEOPT UNPACKING pc=0x00007f8245047633 sp=0x00007f8241c31e28 mode 0
Event: 6.391 Executing VM operation: ParallelGCFailedAllocation


Dynamic libraries:
00400000-00401000 r-xp 00000000 08:11 1205515                            /usr/lib/jvm/java-8-jdk/jre/bin/java
00600000-00601000 rw-p 00000000 08:11 1205515                            /usr/lib/jvm/java-8-jdk/jre/bin/java
018a3000-018c4000 rw-p 00000000 00:00 0                                  [heap]
c0000000-c5300000 rw-p 00000000 00:00 0 
c5300000-eab00000 ---p 00000000 00:00 0 
eab00000-f3100000 rw-p 00000000 00:00 0 
ff500000-100000000 ---p 00000000 00:00 0 
100000000-1000a0000 rw-p 00000000 00:00 0 
1000a0000-140000000 ---p 00000000 00:00 0 
7f81f4000000-7f81f4021000 rw-p 00000000 00:00 0 
7f81f4021000-7f81f8000000 ---p 00000000 00:00 0 
7f81fc000000-7f81fc057000 rw-p 00000000 00:00 0 
7f81fc057000-7f8200000000 ---p 00000000 00:00 0 
7f8200000000-7f8200021000 rw-p 00000000 00:00 0 
7f8200021000-7f8204000000 ---p 00000000 00:00 0 
7f8204000000-7f8204026000 rw-p 00000000 00:00 0 
7f8204026000-7f8208000000 ---p 00000000 00:00 0 
7f8208000000-7f8208021000 rw-p 00000000 00:00 0 
7f8208021000-7f820c000000 ---p 00000000 00:00 0 
7f820c000000-7f820c021000 rw-p 00000000 00:00 0 
7f820c021000-7f8210000000 ---p 00000000 00:00 0 
7f8210000000-7f8210021000 rw-p 00000000 00:00 0 
7f8210021000-7f8214000000 ---p 00000000 00:00 0 
7f8214000000-7f82149b3000 rw-p 00000000 00:00 0 
7f82149b3000-7f8218000000 ---p 00000000 00:00 0 
7f8218000000-7f82188cc000 rw-p 00000000 00:00 0 
7f82188cc000-7f821c000000 ---p 00000000 00:00 0 
7f821c000000-7f821c021000 rw-p 00000000 00:00 0 
7f821c021000-7f8220000000 ---p 00000000 00:00 0 
7f8220000000-7f822103d000 rw-p 00000000 00:00 0 
7f822103d000-7f8224000000 ---p 00000000 00:00 0 
7f8224000000-7f8224021000 rw-p 00000000 00:00 0 
7f8224021000-7f8228000000 ---p 00000000 00:00 0 
7f8228000000-7f8228021000 rw-p 00000000 00:00 0 
7f8228021000-7f822c000000 ---p 00000000 00:00 0 
7f822c000000-7f822c021000 rw-p 00000000 00:00 0 
7f822c021000-7f8230000000 ---p 00000000 00:00 0 
7f8230000000-7f823029e000 rw-p 00000000 00:00 0 
7f823029e000-7f8234000000 ---p 00000000 00:00 0 
7f8234000000-7f8234021000 rw-p 00000000 00:00 0 
7f8234021000-7f8238000000 ---p 00000000 00:00 0 
7f8238000000-7f8238021000 rw-p 00000000 00:00 0 
7f8238021000-7f823c000000 ---p 00000000 00:00 0 
7f823c000000-7f823c021000 rw-p 00000000 00:00 0 
7f823c021000-7f8240000000 ---p 00000000 00:00 0 
7f824172f000-7f8241732000 ---p 00000000 00:00 0 
7f8241732000-7f8241830000 rw-p 00000000 00:00 0 
7f8241830000-7f8241833000 ---p 00000000 00:00 0 
7f8241833000-7f8241931000 rw-p 00000000 00:00 0 
7f8241931000-7f8241934000 ---p 00000000 00:00 0 
7f8241934000-7f8241a32000 rw-p 00000000 00:00 0 
7f8241a32000-7f8241a35000 ---p 00000000 00:00 0 
7f8241a35000-7f8241b33000 rw-p 00000000 00:00 0 
7f8241b33000-7f8241b36000 ---p 00000000 00:00 0 
7f8241b36000-7f8241c34000 rw-p 00000000 00:00 0 
7f8241c34000-7f8241c35000 ---p 00000000 00:00 0 
7f8241c35000-7f8241d35000 rw-p 00000000 00:00 0 
7f8241d35000-7f8241d38000 ---p 00000000 00:00 0 
7f8241d38000-7f8241e36000 rw-p 00000000 00:00 0 
7f8241e36000-7f8241e39000 ---p 00000000 00:00 0 
7f8241e39000-7f8241f37000 rw-p 00000000 00:00 0 
7f8241f37000-7f8241f3a000 ---p 00000000 00:00 0 
7f8241f3a000-7f8242038000 rw-p 00000000 00:00 0 
7f8242038000-7f824203b000 ---p 00000000 00:00 0 
7f824203b000-7f8242139000 rw-p 00000000 00:00 0 
7f8242139000-7f824213c000 ---p 00000000 00:00 0 
7f824213c000-7f824223a000 rw-p 00000000 00:00 0 
7f824223a000-7f82423d3000 r--p 00000000 08:11 1093122                    /usr/lib/locale/locale-archive
7f82423d3000-7f82423d6000 ---p 00000000 00:00 0 
7f82423d6000-7f82424d4000 rw-p 00000000 00:00 0 
7f82424d4000-7f82424d7000 ---p 00000000 00:00 0 
7f82424d7000-7f82425d5000 rw-p 00000000 00:00 0 
7f82425d5000-7f82425d6000 ---p 00000000 00:00 0 
7f82425d6000-7f8245000000 rw-p 00000000 00:00 0 
7f8245000000-7f82455e0000 rwxp 00000000 00:00 0 
7f82455e0000-7f8254000000 ---p 00000000 00:00 0 
7f8254000000-7f82543a8000 rw-p 00000000 00:00 0 
7f82543a8000-7f8258000000 ---p 00000000 00:00 0 
7f825800c000-7f825801b000 r--s 000df000 08:12 671006                     /opt/android-sdk-linux/build-tools/23.0.3/lib/dx.jar
7f825801b000-7f82586b2000 rw-p 00000000 00:00 0 
7f82586b2000-7f825888b000 r--s 03d24000 08:11 1205534                    /usr/lib/jvm/java-8-jdk/jre/lib/rt.jar
7f825888b000-7f8258f81000 rw-p 00000000 00:00 0 
7f8258f81000-7f8259101000 ---p 00000000 00:00 0 
7f8259101000-7f8259301000 rw-p 00000000 00:00 0 
7f8259301000-7f8259302000 ---p 00000000 00:00 0 
7f8259302000-7f8259402000 rw-p 00000000 00:00 0 
7f8259402000-7f8259403000 ---p 00000000 00:00 0 
7f8259403000-7f8259503000 rw-p 00000000 00:00 0 
7f8259503000-7f8259504000 ---p 00000000 00:00 0 
7f8259504000-7f8259604000 rw-p 00000000 00:00 0 
7f8259604000-7f8259605000 ---p 00000000 00:00 0 
7f8259605000-7f825972f000 rw-p 00000000 00:00 0 
7f825972f000-7f825985b000 ---p 00000000 00:00 0 
7f825985b000-7f8259885000 rw-p 00000000 00:00 0 
7f8259885000-7f82599b0000 ---p 00000000 00:00 0 
7f82599b0000-7f82599f4000 rw-p 00000000 00:00 0 
7f82599f4000-7f8259a5b000 ---p 00000000 00:00 0 
7f8259a5b000-7f8259a74000 rw-p 00000000 00:00 0 
7f8259a74000-7f8259e1c000 ---p 00000000 00:00 0 
7f8259e1c000-7f8259e36000 r-xp 00000000 08:11 1205636                    /usr/lib/jvm/java-8-jdk/jre/lib/amd64/libzip.so
7f8259e36000-7f825a036000 ---p 0001a000 08:11 1205636                    /usr/lib/jvm/java-8-jdk/jre/lib/amd64/libzip.so
7f825a036000-7f825a037000 rw-p 0001a000 08:11 1205636                    /usr/lib/jvm/java-8-jdk/jre/lib/amd64/libzip.so
7f825a037000-7f825a042000 r-xp 00000000 08:11 1053911                    /usr/lib/libnss_files-2.23.so
7f825a042000-7f825a241000 ---p 0000b000 08:11 1053911                    /usr/lib/libnss_files-2.23.so
7f825a241000-7f825a242000 r--p 0000a000 08:11 1053911                    /usr/lib/libnss_files-2.23.so
7f825a242000-7f825a243000 rw-p 0000b000 08:11 1053911                    /usr/lib/libnss_files-2.23.so
7f825a243000-7f825a249000 rw-p 00000000 00:00 0 
7f825a249000-7f825a273000 r-xp 00000000 08:11 1205656                    /usr/lib/jvm/java-8-jdk/jre/lib/amd64/libjava.so
7f825a273000-7f825a473000 ---p 0002a000 08:11 1205656                    /usr/lib/jvm/java-8-jdk/jre/lib/amd64/libjava.so
7f825a473000-7f825a475000 rw-p 0002a000 08:11 1205656                    /usr/lib/jvm/java-8-jdk/jre/lib/amd64/libjava.so
7f825a475000-7f825a482000 r-xp 00000000 08:11 1205649                    /usr/lib/jvm/java-8-jdk/jre/lib/amd64/libverify.so
7f825a482000-7f825a682000 ---p 0000d000 08:11 1205649                    /usr/lib/jvm/java-8-jdk/jre/lib/amd64/libverify.so
7f825a682000-7f825a684000 rw-p 0000d000 08:11 1205649                    /usr/lib/jvm/java-8-jdk/jre/lib/amd64/libverify.so
7f825a684000-7f825a68b000 r-xp 00000000 08:11 1053920                    /usr/lib/librt-2.23.so
7f825a68b000-7f825a88a000 ---p 00007000 08:11 1053920                    /usr/lib/librt-2.23.so
7f825a88a000-7f825a88b000 r--p 00006000 08:11 1053920                    /usr/lib/librt-2.23.so
7f825a88b000-7f825a88c000 rw-p 00007000 08:11 1053920                    /usr/lib/librt-2.23.so
7f825a88c000-7f825a98f000 r-xp 00000000 08:11 1053917                    /usr/lib/libm-2.23.so
7f825a98f000-7f825ab8e000 ---p 00103000 08:11 1053917                    /usr/lib/libm-2.23.so
7f825ab8e000-7f825ab8f000 r--p 00102000 08:11 1053917                    /usr/lib/libm-2.23.so
7f825ab8f000-7f825ab90000 rw-p 00103000 08:11 1053917                    /usr/lib/libm-2.23.so
7f825ab90000-7f825b853000 r-xp 00000000 08:11 1205668                    /usr/lib/jvm/java-8-jdk/jre/lib/amd64/server/libjvm.so
7f825b853000-7f825ba52000 ---p 00cc3000 08:11 1205668                    /usr/lib/jvm/java-8-jdk/jre/lib/amd64/server/libjvm.so
7f825ba52000-7f825bb2b000 rw-p 00cc2000 08:11 1205668                    /usr/lib/jvm/java-8-jdk/jre/lib/amd64/server/libjvm.so
7f825bb2b000-7f825bb76000 rw-p 00000000 00:00 0 
7f825bb76000-7f825bd0d000 r-xp 00000000 08:11 1053850                    /usr/lib/libc-2.23.so
7f825bd0d000-7f825bf0d000 ---p 00197000 08:11 1053850                    /usr/lib/libc-2.23.so
7f825bf0d000-7f825bf11000 r--p 00197000 08:11 1053850                    /usr/lib/libc-2.23.so
7f825bf11000-7f825bf13000 rw-p 0019b000 08:11 1053850                    /usr/lib/libc-2.23.so
7f825bf13000-7f825bf17000 rw-p 00000000 00:00 0 
7f825bf17000-7f825bf19000 r-xp 00000000 08:11 1053916                    /usr/lib/libdl-2.23.so
7f825bf19000-7f825c119000 ---p 00002000 08:11 1053916                    /usr/lib/libdl-2.23.so
7f825c119000-7f825c11a000 r--p 00002000 08:11 1053916                    /usr/lib/libdl-2.23.so
7f825c11a000-7f825c11b000 rw-p 00003000 08:11 1053916                    /usr/lib/libdl-2.23.so
7f825c11b000-7f825c130000 r-xp 00000000 08:11 1205666                    /usr/lib/jvm/java-8-jdk/jre/lib/amd64/jli/libjli.so
7f825c130000-7f825c330000 ---p 00015000 08:11 1205666                    /usr/lib/jvm/java-8-jdk/jre/lib/amd64/jli/libjli.so
7f825c330000-7f825c331000 rw-p 00015000 08:11 1205666                    /usr/lib/jvm/java-8-jdk/jre/lib/amd64/jli/libjli.so
7f825c331000-7f825c349000 r-xp 00000000 08:11 1053828                    /usr/lib/libpthread-2.23.so
7f825c349000-7f825c548000 ---p 00018000 08:11 1053828                    /usr/lib/libpthread-2.23.so
7f825c548000-7f825c549000 r--p 00017000 08:11 1053828                    /usr/lib/libpthread-2.23.so
7f825c549000-7f825c54a000 rw-p 00018000 08:11 1053828                    /usr/lib/libpthread-2.23.so
7f825c54a000-7f825c54e000 rw-p 00000000 00:00 0 
7f825c54e000-7f825c571000 r-xp 00000000 08:11 1053849                    /usr/lib/ld-2.23.so
7f825c57c000-7f825c641000 rw-p 00000000 00:00 0 
7f825c641000-7f825c644000 ---p 00000000 00:00 0 
7f825c644000-7f825c746000 rw-p 00000000 00:00 0 
7f825c752000-7f825c766000 rw-p 00000000 00:00 0 
7f825c766000-7f825c76e000 rw-s 00000000 08:01 260638                     /tmp/hsperfdata_antoine/4982
7f825c76e000-7f825c76f000 rw-p 00000000 00:00 0 
7f825c76f000-7f825c770000 ---p 00000000 00:00 0 
7f825c770000-7f825c771000 rw-p 00000000 00:00 0 
7f825c771000-7f825c772000 r--p 00023000 08:11 1053849                    /usr/lib/ld-2.23.so
7f825c772000-7f825c773000 rw-p 00024000 08:11 1053849                    /usr/lib/ld-2.23.so
7f825c773000-7f825c774000 rw-p 00000000 00:00 0 
7fffccabc000-7fffccadd000 rw-p 00000000 00:00 0                          [stack]
7fffccbf1000-7fffccbf4000 r--p 00000000 00:00 0                          [vvar]
7fffccbf4000-7fffccbf6000 r-xp 00000000 00:00 0                          [vdso]
ffffffffff600000-ffffffffff601000 r-xp 00000000 00:00 0                  [vsyscall]

VM Arguments:
jvm_args: -Djava.awt.headless=true -Xmx1024M -Dfile.encoding=UTF-8 -Duser.country=US -Duser.language=en -Duser.variant 
java_command: com.android.dx.command.Main --dex --force-jumbo --num-threads=4 --multi-dex --output /home/antoine/Workspace/android/Infotel2016/app/build/intermediates/transforms/dex/debug/folders/1000/5/slice_2 /home/antoine/Workspace/android/Infotel2016/app/build/intermediates/transforms/instantRunSlicer/debug/folders/1/5/slice_2
java_class_path (initial): /opt/android-sdk-linux/build-tools/23.0.3/lib/dx.jar
Launcher Type: SUN_STANDARD

Environment Variables:
PATH=/usr/local/sbin:/usr/local/bin:/usr/bin:/usr/lib/jvm/default/bin:/usr/bin/site_perl:/usr/bin/vendor_perl:/usr/bin/core_perl:/usr/local/java/currentjdk/bin
USERNAME=antoine
LD_LIBRARY_PATH=/opt/android-studio/bin:
SHELL=/bin/bash
DISPLAY=:0

Signal Handlers:
SIGSEGV: [libjvm.so+0xabdee0], sa_mask[0]=11111111011111111101111111111110, sa_flags=SA_RESTART|SA_SIGINFO
SIGBUS: [libjvm.so+0xabdee0], sa_mask[0]=11111111011111111101111111111110, sa_flags=SA_RESTART|SA_SIGINFO
SIGFPE: [libjvm.so+0x91a580], sa_mask[0]=11111111011111111101111111111110, sa_flags=SA_RESTART|SA_SIGINFO
SIGPIPE: [libjvm.so+0x91a580], sa_mask[0]=11111111011111111101111111111110, sa_flags=SA_RESTART|SA_SIGINFO
SIGXFSZ: [libjvm.so+0x91a580], sa_mask[0]=11111111011111111101111111111110, sa_flags=SA_RESTART|SA_SIGINFO
SIGILL: [libjvm.so+0x91a580], sa_mask[0]=11111111011111111101111111111110, sa_flags=SA_RESTART|SA_SIGINFO
SIGUSR1: SIG_DFL, sa_mask[0]=00000000000000000000000000000000, sa_flags=none
SIGUSR2: [libjvm.so+0x91bbb0], sa_mask[0]=00100000000000000000000000000000, sa_flags=SA_RESTART|SA_SIGINFO
SIGHUP: [libjvm.so+0x91cfb0], sa_mask[0]=11111111011111111101111111111110, sa_flags=SA_RESTART|SA_SIGINFO
SIGINT: [libjvm.so+0x91cfb0], sa_mask[0]=11111111011111111101111111111110, sa_flags=SA_RESTART|SA_SIGINFO
SIGTERM: [libjvm.so+0x91cfb0], sa_mask[0]=11111111011111111101111111111110, sa_flags=SA_RESTART|SA_SIGINFO
SIGQUIT: [libjvm.so+0x91cfb0], sa_mask[0]=11111111011111111101111111111110, sa_flags=SA_RESTART|SA_SIGINFO


---------------  S Y S T E M  ---------------

OS:NAME="Arch Linux"
ID=arch
PRETTY_NAME="Arch Linux"
ANSI_COLOR="0;36"
HOME_URL="https://www.archlinux.org/"
SUPPORT_URL="https://bbs.archlinux.org/"
BUG_REPORT_URL="https://bugs.archlinux.org/"


uname:Linux 4.5.2-1-ARCH #1 SMP PREEMPT Thu Apr 21 18:21:27 CEST 2016 x86_64
libc:glibc 2.23 NPTL 2.23 
rlimit: STACK 8192k, CORE infinity, NPROC 31290, NOFILE 4096, AS infinity
load average:2.44 1.91 2.28

/proc/meminfo:
MemTotal:        8066016 kB
MemFree:           53660 kB
MemAvailable:     126740 kB
Buffers:            3336 kB
Cached:          1113352 kB
SwapCached:            0 kB
Active:          6852688 kB
Inactive:         885032 kB
Active(anon):    6806764 kB
Inactive(anon):   852656 kB
Active(file):      45924 kB
Inactive(file):    32376 kB
Unevictable:          48 kB
Mlocked:              48 kB
SwapTotal:             0 kB
SwapFree:              0 kB
Dirty:              6044 kB
Writeback:           220 kB
AnonPages:       6621292 kB
Mapped:           520532 kB
Shmem:           1038272 kB
Slab:             135312 kB
SReclaimable:      74688 kB
SUnreclaim:        60624 kB
KernelStack:       11712 kB
PageTables:        49696 kB
NFS_Unstable:          0 kB
Bounce:                0 kB
WritebackTmp:          0 kB
CommitLimit:     4033008 kB
Committed_AS:   11987052 kB
VmallocTotal:   34359738367 kB
VmallocUsed:           0 kB
VmallocChunk:          0 kB
HardwareCorrupted:     0 kB
AnonHugePages:   3811328 kB
HugePages_Total:       0
HugePages_Free:        0
HugePages_Rsvd:        0
HugePages_Surp:        0
Hugepagesize:       2048 kB
DirectMap4k:      217540 kB
DirectMap2M:     8056832 kB
DirectMap1G:           0 kB


CPU:total 4 (2 cores per cpu, 2 threads per core) family 6 model 69 stepping 1, cmov, cx8, fxsr, mmx, sse, sse2, sse3, ssse3, sse4.1, sse4.2, popcnt, avx, avx2, aes, clmul, erms, lzcnt, ht, tsc, tscinvbit, bmi1, bmi2

/proc/cpuinfo:
processor	: 0
vendor_id	: GenuineIntel
cpu family	: 6
model		: 69
model name	: Intel(R) Core(TM) i5-4200U CPU @ 1.60GHz
stepping	: 1
microcode	: 0x17
cpu MHz		: 2312.578
cache size	: 3072 KB
physical id	: 0
siblings	: 4
core id		: 0
cpu cores	: 2
apicid		: 0
initial apicid	: 0
fpu		: yes
fpu_exception	: yes
cpuid level	: 13
wp		: yes
flags		: fpu vme de pse tsc msr pae mce cx8 apic sep mtrr pge mca cmov pat pse36 clflush dts acpi mmx fxsr sse sse2 ss ht tm pbe syscall nx pdpe1gb rdtscp lm constant_tsc arch_perfmon pebs bts rep_good nopl xtopology nonstop_tsc aperfmperf eagerfpu pni pclmulqdq dtes64 monitor ds_cpl vmx est tm2 ssse3 sdbg fma cx16 xtpr pdcm pcid sse4_1 sse4_2 movbe popcnt tsc_deadline_timer aes xsave avx f16c rdrand lahf_lm abm epb tpr_shadow vnmi flexpriority ept vpid fsgsbase tsc_adjust bmi1 avx2 smep bmi2 erms invpcid xsaveopt dtherm ida arat pln pts
bugs		:
bogomips	: 4591.62
clflush size	: 64
cache_alignment	: 64
address sizes	: 39 bits physical, 48 bits virtual
power management:

processor	: 1
vendor_id	: GenuineIntel
cpu family	: 6
model		: 69
model name	: Intel(R) Core(TM) i5-4200U CPU @ 1.60GHz
stepping	: 1
microcode	: 0x17
cpu MHz		: 2300.000
cache size	: 3072 KB
physical id	: 0
siblings	: 4
core id		: 1
cpu cores	: 2
apicid		: 2
initial apicid	: 2
fpu		: yes
fpu_exception	: yes
cpuid level	: 13
wp		: yes
flags		: fpu vme de pse tsc msr pae mce cx8 apic sep mtrr pge mca cmov pat pse36 clflush dts acpi mmx fxsr sse sse2 ss ht tm pbe syscall nx pdpe1gb rdtscp lm constant_tsc arch_perfmon pebs bts rep_good nopl xtopology nonstop_tsc aperfmperf eagerfpu pni pclmulqdq dtes64 monitor ds_cpl vmx est tm2 ssse3 sdbg fma cx16 xtpr pdcm pcid sse4_1 sse4_2 movbe popcnt tsc_deadline_timer aes xsave avx f16c rdrand lahf_lm abm epb tpr_shadow vnmi flexpriority ept vpid fsgsbase tsc_adjust bmi1 avx2 smep bmi2 erms invpcid xsaveopt dtherm ida arat pln pts
bugs		:
bogomips	: 4591.62
clflush size	: 64
cache_alignment	: 64
address sizes	: 39 bits physical, 48 bits virtual
power management:

processor	: 2
vendor_id	: GenuineIntel
cpu family	: 6
model		: 69
model name	: Intel(R) Core(TM) i5-4200U CPU @ 1.60GHz
stepping	: 1
microcode	: 0x17
cpu MHz		: 2300.000
cache size	: 3072 KB
physical id	: 0
siblings	: 4
core id		: 0
cpu cores	: 2
apicid		: 1
initial apicid	: 1
fpu		: yes
fpu_exception	: yes
cpuid level	: 13
wp		: yes
flags		: fpu vme de pse tsc msr pae mce cx8 apic sep mtrr pge mca cmov pat pse36 clflush dts acpi mmx fxsr sse sse2 ss ht tm pbe syscall nx pdpe1gb rdtscp lm constant_tsc arch_perfmon pebs bts rep_good nopl xtopology nonstop_tsc aperfmperf eagerfpu pni pclmulqdq dtes64 monitor ds_cpl vmx est tm2 ssse3 sdbg fma cx16 xtpr pdcm pcid sse4_1 sse4_2 movbe popcnt tsc_deadline_timer aes xsave avx f16c rdrand lahf_lm abm epb tpr_shadow vnmi flexpriority ept vpid fsgsbase tsc_adjust bmi1 avx2 smep bmi2 erms invpcid xsaveopt dtherm ida arat pln pts
bugs		:
bogomips	: 4591.62
clflush size	: 64
cache_alignment	: 64
address sizes	: 39 bits physical, 48 bits virtual
power management:

processor	: 3
vendor_id	: GenuineIntel
cpu family	: 6
model		: 69
model name	: Intel(R) Core(TM) i5-4200U CPU @ 1.60GHz
stepping	: 1
microcode	: 0x17
cpu MHz		: 2300.000
cache size	: 3072 KB
physical id	: 0
siblings	: 4
core id		: 1
cpu cores	: 2
apicid		: 3
initial apicid	: 3
fpu		: yes
fpu_exception	: yes
cpuid level	: 13
wp		: yes
flags		: fpu vme de pse tsc msr pae mce cx8 apic sep mtrr pge mca cmov pat pse36 clflush dts acpi mmx fxsr sse sse2 ss ht tm pbe syscall nx pdpe1gb rdtscp lm constant_tsc arch_perfmon pebs bts rep_good nopl xtopology nonstop_tsc aperfmperf eagerfpu pni pclmulqdq dtes64 monitor ds_cpl vmx est tm2 ssse3 sdbg fma cx16 xtpr pdcm pcid sse4_1 sse4_2 movbe popcnt tsc_deadline_timer aes xsave avx f16c rdrand lahf_lm abm epb tpr_shadow vnmi flexpriority ept vpid fsgsbase tsc_adjust bmi1 avx2 smep bmi2 erms invpcid xsaveopt dtherm ida arat pln pts
bugs		:
bogomips	: 4591.62
clflush size	: 64
cache_alignment	: 64
address sizes	: 39 bits physical, 48 bits virtual
power management:



Memory: 4k page, physical 8066016k(56176k free), swap 0k(0k free)

vm_info: Java HotSpot(TM) 64-Bit Server VM (25.92-b14) for linux-amd64 JRE (1.8.0_92-b14), built on Mar 31 2016 21:08:29 by "java_re" with gcc 4.3.0 20080428 (Red Hat 4.3.0-8)

time: Mon May 16 20:39:00 2016
elapsed time: 6 seconds (0d 0h 0m 6s)

